<?xml version="1.0" encoding="utf-8"?><testsuites name="pytest tests"><testsuite name="pytest" errors="0" failures="0" skipped="0" tests="15" time="9.200" timestamp="2026-09-14T09:28:10.106404+00:00" hostname="agent-env-53ac2b5f-c036-403d-99ce-421d756c907c"><testcase classname="tests.test_golden_api.TestAuth" name="test_owner_login_returns_token_and_role" time="0.499" /><testcase classname="tests.test_golden_api.TestItems" name="test_employee_cannot_create_items" time="0.946" /><testcase classname="tests.test_golden_api.TestAuth" name="test_me_with_token" time="0.788" /><testcase classname="tests.test_golden_api.TestAuth" name="test_me_without_token" time="0.119" /><testcase classname="tests.test_golden_api.TestAuth" name="test_wrong_password_shows_attempts" time="0.755" /><testcase classname="tests.test_golden_api.TestItems" name="test_list_items_in_stock_contains_created" time="0.596" /><testcase classname="tests.test_golden_api.TestItems" name="test_qr_lookup_ok_then_409_after_sold" time="0.377" /><testcase classname="tests.test_golden_api.TestAuth" name="test_lockout_after_three_failures_and_unblock" time="3.061" /><testcase classname="tests.test_golden_api.TestReports" name="test_daily_sales_accounting_and_owner" time="1.485" /><testcase classname="tests.test_golden_api.TestReports" name="test_daily_sales_forbidden_for_warehouse_and_employee" time="0.506" /><testcase classname="tests.test_golden_api.TestReports" name="test_summary_owner_only" time="0.447" /><testcase classname="tests.test_golden_api.TestSalesFlow" name="test_full_sales_lifecycle_and_role_enforcement" time="3.443" /><testcase classname="tests.test_golden_api.TestUsers" name="test_owner_create_list_patch_delete" time="1.028" /><testcase classname="tests.test_golden_api.TestUsers" name="test_non_owner_forbidden" time="1.540" /><testcase classname="tests.test_golden_api.TestOpname" name="test_create_list_approve_and_role_filter" time="1.050" /></testsuite></testsuites>